2025-12-03 18:02:50.891 | INFO     | app.main:lifespan:22 - 🚀 Starting application...
2025-12-03 18:02:51.001 | SUCCESS  | app.main:lifespan:29 - ✅ Database Initialized
2025-12-03 18:02:51.017 | SUCCESS  | app.core.redis:init_redis:18 - ✅ Redis Connected: redis://redis:6379/0
2025-12-03 18:04:08.215 | WARNING  | app.main:lifespan:39 - 🛑 Shutting down application...
2025-12-03 18:04:13.426 | INFO     | app.main:lifespan:22 - 🚀 Starting application...
2025-12-03 18:04:13.450 | SUCCESS  | app.main:lifespan:29 - ✅ Database Initialized
2025-12-03 18:04:13.460 | SUCCESS  | app.core.redis:init_redis:18 - ✅ Redis Connected: redis://redis:6379/0
2025-12-03 18:05:54.216 | WARNING  | app.main:lifespan:39 - 🛑 Shutting down application...
2025-12-03 18:05:57.306 | INFO     | app.main:lifespan:22 - 🚀 Starting application...
2025-12-03 18:05:57.332 | SUCCESS  | app.main:lifespan:29 - ✅ Database Initialized
2025-12-03 18:05:57.342 | SUCCESS  | app.core.redis:init_redis:18 - ✅ Redis Connected: redis://redis:6379/0
2025-12-03 18:13:00.642 | WARNING  | app.main:lifespan:39 - 🛑 Shutting down application...
2025-12-03 18:13:03.873 | INFO     | app.main:lifespan:22 - 🚀 Starting application...
2025-12-03 18:13:03.895 | SUCCESS  | app.main:lifespan:29 - ✅ Database Initialized
2025-12-03 18:13:03.906 | SUCCESS  | app.core.redis:init_redis:18 - ✅ Redis Connected: redis://redis:6379/0
2025-12-03 18:13:06.914 | WARNING  | app.main:lifespan:39 - 🛑 Shutting down application...
2025-12-03 18:13:10.049 | INFO     | app.main:lifespan:22 - 🚀 Starting application...
2025-12-03 18:13:10.076 | SUCCESS  | app.main:lifespan:29 - ✅ Database Initialized
2025-12-03 18:13:10.087 | SUCCESS  | app.core.redis:init_redis:18 - ✅ Redis Connected: redis://redis:6379/0
2025-12-03 18:13:45.441 | WARNING  | app.main:lifespan:39 - 🛑 Shutting down application...
2025-12-03 18:13:49.703 | INFO     | app.main:lifespan:22 - 🚀 Starting application...
2025-12-03 18:13:49.731 | SUCCESS  | app.main:lifespan:29 - ✅ Database Initialized
2025-12-03 18:13:49.744 | SUCCESS  | app.core.redis:init_redis:18 - ✅ Redis Connected: redis://redis:6379/0
2025-12-03 18:14:30.631 | WARNING  | app.main:lifespan:39 - 🛑 Shutting down application...
2025-12-03 18:18:37.619 | INFO     | app.main:lifespan:22 - 🚀 Starting application...
2025-12-03 18:18:37.642 | SUCCESS  | app.main:lifespan:29 - ✅ Database Initialized
2025-12-03 18:18:37.651 | SUCCESS  | app.core.redis:init_redis:18 - ✅ Redis Connected: redis://redis:6379/0
2025-12-03 18:18:40.717 | INFO     | app.main:lifespan:22 - 🚀 Starting application...
2025-12-03 18:18:40.741 | SUCCESS  | app.main:lifespan:29 - ✅ Database Initialized
2025-12-03 18:18:40.751 | SUCCESS  | app.core.redis:init_redis:18 - ✅ Redis Connected: redis://redis:6379/0
2025-12-03 18:19:05.621 | WARNING  | app.main:lifespan:39 - 🛑 Shutting down application...
2025-12-03 18:19:08.446 | INFO     | app.main:lifespan:22 - 🚀 Starting application...
2025-12-03 18:19:08.469 | SUCCESS  | app.main:lifespan:29 - ✅ Database Initialized
2025-12-03 18:19:08.480 | SUCCESS  | app.core.redis:init_redis:18 - ✅ Redis Connected: redis://redis:6379/0
2025-12-03 18:20:44.819 | WARNING  | app.main:lifespan:39 - 🛑 Shutting down application...
2025-12-03 18:20:47.857 | INFO     | app.main:lifespan:26 - 🚀 Starting application...
2025-12-03 18:20:47.891 | SUCCESS  | app.main:lifespan:33 - ✅ Database Initialized
2025-12-03 18:20:47.905 | SUCCESS  | app.core.redis:init_redis:18 - ✅ Redis Connected: redis://redis:6379/0
2025-12-03 18:20:52.919 | WARNING  | app.main:lifespan:45 - 🛑 Shutting down application...
2025-12-03 18:20:52.920 | INFO     | app.core.redis:close_redis:29 - 🔒 Redis Connection Closed
2025-12-03 18:20:56.052 | INFO     | app.main:lifespan:26 - 🚀 Starting application...
2025-12-03 18:20:56.085 | SUCCESS  | app.main:lifespan:33 - ✅ Database Initialized
2025-12-03 18:20:56.099 | SUCCESS  | app.core.redis:init_redis:18 - ✅ Redis Connected: redis://redis:6379/0
2025-12-03 18:23:18.170 | WARNING  | app.main:lifespan:45 - 🛑 Shutting down application...
2025-12-03 18:23:18.171 | INFO     | app.core.redis:close_redis:29 - 🔒 Redis Connection Closed
2025-12-03 18:23:43.350 | INFO     | app.main:lifespan:26 - 🚀 Starting application...
2025-12-03 18:23:43.374 | SUCCESS  | app.main:lifespan:33 - ✅ Database Initialized
2025-12-03 18:23:43.389 | SUCCESS  | app.core.redis:init_redis:18 - ✅ Redis Connected: redis://redis:6379/0
2025-12-03 18:23:46.383 | INFO     | app.main:lifespan:26 - 🚀 Starting application...
2025-12-03 18:23:46.405 | SUCCESS  | app.main:lifespan:33 - ✅ Database Initialized
2025-12-03 18:23:46.418 | SUCCESS  | app.core.redis:init_redis:18 - ✅ Redis Connected: redis://redis:6379/0
2025-12-03 18:24:47.533 | WARNING  | app.main:lifespan:45 - 🛑 Shutting down application...
2025-12-03 18:24:47.534 | INFO     | app.core.redis:close_redis:29 - 🔒 Redis Connection Closed
2025-12-03 18:24:50.513 | INFO     | app.main:lifespan:26 - 🚀 Starting application...
2025-12-03 18:24:50.538 | SUCCESS  | app.main:lifespan:33 - ✅ Database Initialized
2025-12-03 18:24:50.550 | SUCCESS  | app.core.redis:init_redis:18 - ✅ Redis Connected: redis://redis:6379/0
2025-12-03 18:33:46.217 | WARNING  | app.main:lifespan:45 - 🛑 Shutting down application...
2025-12-03 18:33:46.219 | INFO     | app.core.redis:close_redis:29 - 🔒 Redis Connection Closed
2025-12-04 01:35:05.683 | INFO     | app.main:lifespan:26 - 🚀 Starting application...
2025-12-04 01:35:05.706 | SUCCESS  | app.main:lifespan:33 - ✅ Database Initialized
2025-12-04 01:35:05.718 | SUCCESS  | app.core.redis:init_redis:18 - ✅ Redis Connected: redis://redis:6379/0
2025-12-04 01:35:31.175 | WARNING  | app.main:lifespan:45 - 🛑 Shutting down application...
2025-12-04 01:35:31.177 | INFO     | app.core.redis:close_redis:29 - 🔒 Redis Connection Closed
2025-12-04 01:35:34.125 | INFO     | app.main:lifespan:26 - 🚀 Starting application...
2025-12-04 01:35:34.148 | SUCCESS  | app.main:lifespan:33 - ✅ Database Initialized
2025-12-04 01:35:34.160 | SUCCESS  | app.core.redis:init_redis:18 - ✅ Redis Connected: redis://redis:6379/0
2025-12-04 01:35:47.667 | WARNING  | app.main:lifespan:45 - 🛑 Shutting down application...
2025-12-04 01:35:47.668 | INFO     | app.core.redis:close_redis:29 - 🔒 Redis Connection Closed
2025-12-04 01:36:25.181 | INFO     | app.main:lifespan:26 - 🚀 Starting application...
2025-12-04 01:36:25.322 | SUCCESS  | app.main:lifespan:33 - ✅ Database Initialized
2025-12-04 01:36:25.334 | SUCCESS  | app.core.redis:init_redis:18 - ✅ Redis Connected: redis://redis:6379/0
2025-12-04 01:37:00.565 | INFO     | app.main:lifespan:26 - 🚀 Starting application...
2025-12-04 01:37:00.673 | SUCCESS  | app.main:lifespan:33 - ✅ Database Initialized
2025-12-04 01:37:00.684 | SUCCESS  | app.core.redis:init_redis:18 - ✅ Redis Connected: redis://redis:6379/0
2025-12-04 01:37:15.088 | WARNING  | app.main:lifespan:45 - 🛑 Shutting down application...
2025-12-04 01:37:15.090 | INFO     | app.core.redis:close_redis:29 - 🔒 Redis Connection Closed
2025-12-04 01:37:18.083 | INFO     | app.main:lifespan:26 - 🚀 Starting application...
2025-12-04 01:37:18.103 | SUCCESS  | app.main:lifespan:33 - ✅ Database Initialized
2025-12-04 01:37:18.114 | SUCCESS  | app.core.redis:init_redis:18 - ✅ Redis Connected: redis://redis:6379/0
2025-12-04 01:40:03.717 | WARNING  | app.main:lifespan:45 - 🛑 Shutting down application...
2025-12-04 01:40:03.718 | INFO     | app.core.redis:close_redis:29 - 🔒 Redis Connection Closed
2025-12-04 01:40:06.845 | INFO     | app.main:lifespan:26 - 🚀 Starting application...
2025-12-04 01:40:06.870 | SUCCESS  | app.main:lifespan:33 - ✅ Database Initialized
2025-12-04 01:40:06.883 | SUCCESS  | app.core.redis:init_redis:18 - ✅ Redis Connected: redis://redis:6379/0
2025-12-04 01:40:07.385 | WARNING  | app.main:lifespan:43 - 🛑 Shutting down application...
2025-12-04 01:40:07.386 | INFO     | app.core.redis:close_redis:29 - 🔒 Redis Connection Closed
2025-12-04 01:40:10.166 | INFO     | app.main:lifespan:26 - 🚀 Starting application...
2025-12-04 01:40:10.186 | SUCCESS  | app.main:lifespan:33 - ✅ Database Initialized
2025-12-04 01:40:10.196 | SUCCESS  | app.core.redis:init_redis:18 - ✅ Redis Connected: redis://redis:6379/0
2025-12-04 01:40:13.084 | INFO     | app.main:lifespan:26 - 🚀 Starting application...
2025-12-04 01:40:13.106 | SUCCESS  | app.main:lifespan:33 - ✅ Database Initialized
2025-12-04 01:40:13.117 | SUCCESS  | app.core.redis:init_redis:18 - ✅ Redis Connected: redis://redis:6379/0
2025-12-04 01:40:30.634 | WARNING  | app.main:lifespan:43 - 🛑 Shutting down application...
2025-12-04 01:40:30.635 | INFO     | app.core.redis:close_redis:29 - 🔒 Redis Connection Closed
2025-12-04 01:40:33.437 | INFO     | app.main:lifespan:26 - 🚀 Starting application...
2025-12-04 01:40:33.462 | SUCCESS  | app.main:lifespan:33 - ✅ Database Initialized
2025-12-04 01:40:33.474 | SUCCESS  | app.core.redis:init_redis:18 - ✅ Redis Connected: redis://redis:6379/0
2025-12-04 01:40:39.789 | WARNING  | app.main:lifespan:43 - 🛑 Shutting down application...
2025-12-04 01:40:39.790 | INFO     | app.core.redis:close_redis:29 - 🔒 Redis Connection Closed
2025-12-04 01:40:42.693 | INFO     | app.main:lifespan:26 - 🚀 Starting application...
2025-12-04 01:40:42.718 | SUCCESS  | app.main:lifespan:33 - ✅ Database Initialized
2025-12-04 01:40:42.731 | SUCCESS  | app.core.redis:init_redis:18 - ✅ Redis Connected: redis://redis:6379/0
2025-12-04 01:40:45.339 | WARNING  | app.main:lifespan:43 - 🛑 Shutting down application...
2025-12-04 01:40:45.340 | INFO     | app.core.redis:close_redis:29 - 🔒 Redis Connection Closed
2025-12-04 01:40:48.397 | INFO     | app.main:lifespan:26 - 🚀 Starting application...
2025-12-04 01:40:48.418 | SUCCESS  | app.main:lifespan:33 - ✅ Database Initialized
2025-12-04 01:40:48.430 | SUCCESS  | app.core.redis:init_redis:18 - ✅ Redis Connected: redis://redis:6379/0
2025-12-04 01:40:50.732 | WARNING  | app.main:lifespan:43 - 🛑 Shutting down application...
2025-12-04 01:40:50.733 | INFO     | app.core.redis:close_redis:29 - 🔒 Redis Connection Closed
2025-12-04 01:40:53.700 | INFO     | app.main:lifespan:26 - 🚀 Starting application...
2025-12-04 01:40:53.725 | SUCCESS  | app.main:lifespan:33 - ✅ Database Initialized
2025-12-04 01:40:53.738 | SUCCESS  | app.core.redis:init_redis:18 - ✅ Redis Connected: redis://redis:6379/0
2025-12-04 01:40:56.694 | INFO     | app.main:lifespan:26 - 🚀 Starting application...
2025-12-04 01:40:56.716 | SUCCESS  | app.main:lifespan:33 - ✅ Database Initialized
2025-12-04 01:40:56.728 | SUCCESS  | app.core.redis:init_redis:18 - ✅ Redis Connected: redis://redis:6379/0
2025-12-04 01:57:19.015 | WARNING  | app.main:lifespan:43 - 🛑 Shutting down application...
2025-12-04 01:57:19.016 | INFO     | app.core.redis:close_redis:29 - 🔒 Redis Connection Closed
2025-12-04 01:57:22.049 | INFO     | app.main:lifespan:26 - 🚀 Starting application...
2025-12-04 01:57:22.080 | SUCCESS  | app.main:lifespan:33 - ✅ Database Initialized
2025-12-04 01:57:22.094 | SUCCESS  | app.core.redis:init_redis:18 - ✅ Redis Connected: redis://redis:6379/0
